<?xml version="1.0" encoding="UTF-8"?>
<testng-results ignored="0" total="4" passed="3" failed="1" skipped="0">
  <reporter-output>
  </reporter-output>
  <suite started-at="2022-11-22T13:20:48 IST" name="Default suite" finished-at="2022-11-22T13:21:05 IST" duration-ms="16699">
    <groups>
    </groups>
    <test started-at="2022-11-22T13:20:48 IST" name="Default test" finished-at="2022-11-22T13:21:05 IST" duration-ms="16699">
      <class name="com.qa.smartfinanacial.test.DashboardPageTest">
        <test-method is-config="true" signature="setup()[pri:0, instance:com.qa.smartfinanacial.test.DashboardPageTest@2a7f1f10]" started-at="2022-11-22T13:20:48 IST" name="setup" finished-at="2022-11-22T13:20:57 IST" duration-ms="9598" status="PASS">
          <reporter-output>
          </reporter-output>
        </test-method> <!-- setup -->
        <test-method is-config="true" signature="dashboard()[pri:0, instance:com.qa.smartfinanacial.test.DashboardPageTest@2a7f1f10]" started-at="2022-11-22T13:20:57 IST" name="dashboard" finished-at="2022-11-22T13:20:58 IST" duration-ms="836" status="PASS">
          <reporter-output>
          </reporter-output>
        </test-method> <!-- dashboard -->
        <test-method signature="dashPageTitleTest()[pri:1, instance:com.qa.smartfinanacial.test.DashboardPageTest@2a7f1f10]" started-at="2022-11-22T13:20:58 IST" name="dashPageTitleTest" finished-at="2022-11-22T13:21:04 IST" duration-ms="5397" status="FAIL">
          <exception class="org.openqa.selenium.TimeoutException">
            <message>
              <![CDATA[Expected condition failed: waiting for title to contain "Dashboard| insurance.io". Current title: "Dashboard | insurance.io" (tried for 5 second(s) with 500 milliseconds interval)
Build info: version: '4.4.0', revision: 'e5c75ed026a'
System info: host: 'PIYUSHs-MacBook-Pro.local', ip: 'fe80:0:0:0:c8e:6a46:259f:ce45%en0', os.name: 'Mac OS X', os.arch: 'x86_64', os.version: '13.0.1', java.version: '17.0.3'
Driver info: org.openqa.selenium.chrome.ChromeDriver
Capabilities {acceptInsecureCerts: false, browserName: chrome, browserVersion: 107.0.5304.110, chrome: {chromedriverVersion: 107.0.5304.62 (1eec40d3a576..., userDataDir: /var/folders/f2/00rv25j51vl...}, goog:chromeOptions: {debuggerAddress: localhost:61222}, networkConnectionEnabled: false, pageLoadStrategy: normal, platformName: MAC, proxy: Proxy(), se:cdp: ws://localhost:61222/devtoo..., se:cdpVersion: 107.0.5304.110, setWindowRect: true, strictFileInteractability: false, timeouts: {implicit: 0, pageLoad: 300000, script: 30000}, unhandledPromptBehavior: dismiss and notify, webauthn:extension:credBlob: true, webauthn:extension:largeBlob: true, webauthn:virtualAuthenticators: true}
Session ID: c3438ec00aaad1f64d677591c58d9a5c]]>
            </message>
            <full-stacktrace>
              <![CDATA[org.openqa.selenium.TimeoutException: Expected condition failed: waiting for title to contain "Dashboard| insurance.io". Current title: "Dashboard | insurance.io" (tried for 5 second(s) with 500 milliseconds interval)
Build info: version: '4.4.0', revision: 'e5c75ed026a'
System info: host: 'PIYUSHs-MacBook-Pro.local', ip: 'fe80:0:0:0:c8e:6a46:259f:ce45%en0', os.name: 'Mac OS X', os.arch: 'x86_64', os.version: '13.0.1', java.version: '17.0.3'
Driver info: org.openqa.selenium.chrome.ChromeDriver
Capabilities {acceptInsecureCerts: false, browserName: chrome, browserVersion: 107.0.5304.110, chrome: {chromedriverVersion: 107.0.5304.62 (1eec40d3a576..., userDataDir: /var/folders/f2/00rv25j51vl...}, goog:chromeOptions: {debuggerAddress: localhost:61222}, networkConnectionEnabled: false, pageLoadStrategy: normal, platformName: MAC, proxy: Proxy(), se:cdp: ws://localhost:61222/devtoo..., se:cdpVersion: 107.0.5304.110, setWindowRect: true, strictFileInteractability: false, timeouts: {implicit: 0, pageLoad: 300000, script: 30000}, unhandledPromptBehavior: dismiss and notify, webauthn:extension:credBlob: true, webauthn:extension:largeBlob: true, webauthn:virtualAuthenticators: true}
Session ID: c3438ec00aaad1f64d677591c58d9a5c
at org.openqa.selenium.support.ui.WebDriverWait.timeoutException(WebDriverWait.java:87)
at org.openqa.selenium.support.ui.FluentWait.until(FluentWait.java:231)
at com.qa.smaartfinancial.utils.ElementUtil.waitForTitleContains(ElementUtil.java:306)
at com.qa.smartfinancial.pages.DashboardPage.getDashbaordPageTitle(DashboardPage.java:33)
at com.qa.smartfinanacial.test.DashboardPageTest.dashPageTitleTest(DashboardPageTest.java:20)
at java.base/jdk.internal.reflect.NativeMethodAccessorImpl.invoke0(Native Method)
at java.base/jdk.internal.reflect.NativeMethodAccessorImpl.invoke(NativeMethodAccessorImpl.java:77)
at java.base/jdk.internal.reflect.DelegatingMethodAccessorImpl.invoke(DelegatingMethodAccessorImpl.java:43)
at java.base/java.lang.reflect.Method.invoke(Method.java:568)
at org.testng.internal.invokers.MethodInvocationHelper.invokeMethod(MethodInvocationHelper.java:139)
at org.testng.internal.invokers.TestInvoker.invokeMethod(TestInvoker.java:677)
at org.testng.internal.invokers.TestInvoker.invokeTestMethod(TestInvoker.java:221)
at org.testng.internal.invokers.MethodRunner.runInSequence(MethodRunner.java:50)
at org.testng.internal.invokers.TestInvoker$MethodInvocationAgent.invoke(TestInvoker.java:962)
at org.testng.internal.invokers.TestInvoker.invokeTestMethods(TestInvoker.java:194)
at org.testng.internal.invokers.TestMethodWorker.invokeTestMethods(TestMethodWorker.java:148)
at org.testng.internal.invokers.TestMethodWorker.run(TestMethodWorker.java:128)
at java.base/java.util.ArrayList.forEach(ArrayList.java:1511)
at org.testng.TestRunner.privateRun(TestRunner.java:806)
at org.testng.TestRunner.run(TestRunner.java:601)
at org.testng.SuiteRunner.runTest(SuiteRunner.java:433)
at org.testng.SuiteRunner.runSequentially(SuiteRunner.java:427)
at org.testng.SuiteRunner.privateRun(SuiteRunner.java:387)
at org.testng.SuiteRunner.run(SuiteRunner.java:330)
at org.testng.SuiteRunnerWorker.runSuite(SuiteRunnerWorker.java:52)
at org.testng.SuiteRunnerWorker.run(SuiteRunnerWorker.java:95)
at org.testng.TestNG.runSuitesSequentially(TestNG.java:1256)
at org.testng.TestNG.runSuitesLocally(TestNG.java:1176)
at org.testng.TestNG.runSuites(TestNG.java:1099)
at org.testng.TestNG.run(TestNG.java:1067)
at org.testng.remote.AbstractRemoteTestNG.run(AbstractRemoteTestNG.java:115)
at org.testng.remote.RemoteTestNG.initAndRun(RemoteTestNG.java:251)
at org.testng.remote.RemoteTestNG.main(RemoteTestNG.java:77)
]]>
            </full-stacktrace>
          </exception> <!-- org.openqa.selenium.TimeoutException -->
          <reporter-output>
          </reporter-output>
        </test-method> <!-- dashPageTitleTest -->
        <test-method signature="dashPageUrlTest()[pri:2, instance:com.qa.smartfinanacial.test.DashboardPageTest@2a7f1f10]" started-at="2022-11-22T13:21:04 IST" name="dashPageUrlTest" finished-at="2022-11-22T13:21:04 IST" duration-ms="27" status="PASS">
          <reporter-output>
          </reporter-output>
        </test-method> <!-- dashPageUrlTest -->
        <test-method signature="isDashboardTextExistTest()[pri:3, instance:com.qa.smartfinanacial.test.DashboardPageTest@2a7f1f10]" started-at="2022-11-22T13:21:04 IST" name="isDashboardTextExistTest" finished-at="2022-11-22T13:21:04 IST" duration-ms="333" status="PASS">
          <reporter-output>
          </reporter-output>
        </test-method> <!-- isDashboardTextExistTest -->
        <test-method signature="isLogoutLinkExistTest()[pri:4, instance:com.qa.smartfinanacial.test.DashboardPageTest@2a7f1f10]" started-at="2022-11-22T13:21:04 IST" name="isLogoutLinkExistTest" finished-at="2022-11-22T13:21:04 IST" duration-ms="127" status="PASS">
          <reporter-output>
          </reporter-output>
        </test-method> <!-- isLogoutLinkExistTest -->
        <test-method is-config="true" signature="tearDown()[pri:0, instance:com.qa.smartfinanacial.test.DashboardPageTest@2a7f1f10]" started-at="2022-11-22T13:21:04 IST" name="tearDown" finished-at="2022-11-22T13:21:05 IST" duration-ms="260" status="PASS">
          <reporter-output>
          </reporter-output>
        </test-method> <!-- tearDown -->
      </class> <!-- com.qa.smartfinanacial.test.DashboardPageTest -->
    </test> <!-- Default test -->
  </suite> <!-- Default suite -->
</testng-results>
